[0319/233029.274:INFO:CONSOLE(1)] "Long rAF frame-time", source: file:///C:/Program%20Files/Adobe/Adobe%20Photoshop%202020/Required/www-rich-tooltips/build/external.js (1)
[0319/233029.546:WARNING:angle_platform_impl.cc(52)] compileToBinary(230): 
C:\fakepath(69,8-58): warning X3571: pow(f, e) will not work for negative f, use abs(f) or conditionally handle negative values if you expect them
C:\fakepath(77,9-43): warning X3571: pow(f, e) will not work for negative f, use abs(f) or conditionally handle negative values if you expect them

[0321/011926.376:INFO:CONSOLE(1)] "Long rAF frame-time", source: file:///C:/Program%20Files/Adobe/Adobe%20Photoshop%202020/Required/www-rich-tooltips/build/external.js (1)
[0321/011926.611:WARNING:angle_platform_impl.cc(52)] compileToBinary(230): 
C:\fakepath(69,8-58): warning X3571: pow(f, e) will not work for negative f, use abs(f) or conditionally handle negative values if you expect them
C:\fakepath(77,9-43): warning X3571: pow(f, e) will not work for negative f, use abs(f) or conditionally handle negative values if you expect them

[0321/021305.155:ERROR:media_internals.cc(112)] Cannot get RenderProcessHost
[0325/170327.134:INFO:CONSOLE(1)] "Long rAF frame-time", source: file:///C:/Program%20Files/Adobe/Adobe%20Photoshop%202020/Required/www-rich-tooltips/build/external.js (1)
[0325/170327.242:WARNING:angle_platform_impl.cc(52)] compileToBinary(230): 
C:\fakepath(69,8-58): warning X3571: pow(f, e) will not work for negative f, use abs(f) or conditionally handle negative values if you expect them
C:\fakepath(77,9-43): warning X3571: pow(f, e) will not work for negative f, use abs(f) or conditionally handle negative values if you expect them

[0512/175627.282:WARNING:dns_config_service_win.cc(668)] Failed to read DnsConfig.
[0512/175632.301:WARNING:dns_config_service_win.cc(668)] Failed to read DnsConfig.
[0512/175637.314:WARNING:dns_config_service_win.cc(668)] Failed to read DnsConfig.
[0512/175642.335:WARNING:dns_config_service_win.cc(668)] Failed to read DnsConfig.
[0512/175647.356:WARNING:dns_config_service_win.cc(668)] Failed to read DnsConfig.
[0512/175652.368:WARNING:dns_config_service_win.cc(668)] Failed to read DnsConfig.
[0512/175657.390:WARNING:dns_config_service_win.cc(668)] Failed to read DnsConfig.
[0512/175702.411:WARNING:dns_config_service_win.cc(668)] Failed to read DnsConfig.
[0512/175707.424:WARNING:dns_config_service_win.cc(668)] Failed to read DnsConfig.
[0512/175712.443:WARNING:dns_config_service_win.cc(668)] Failed to read DnsConfig.
[0512/175717.456:WARNING:dns_config_service_win.cc(668)] Failed to read DnsConfig.
[0512/175722.469:WARNING:dns_config_service_win.cc(668)] Failed to read DnsConfig.
[0512/175727.483:WARNING:dns_config_service_win.cc(668)] Failed to read DnsConfig.
[0512/175732.504:WARNING:dns_config_service_win.cc(668)] Failed to read DnsConfig.
[0512/175737.523:WARNING:dns_config_service_win.cc(668)] Failed to read DnsConfig.
[0512/175742.534:WARNING:dns_config_service_win.cc(668)] Failed to read DnsConfig.
[0512/175747.553:WARNING:dns_config_service_win.cc(668)] Failed to read DnsConfig.
[0512/175752.575:WARNING:dns_config_service_win.cc(668)] Failed to read DnsConfig.
[0512/175757.589:WARNING:dns_config_service_win.cc(668)] Failed to read DnsConfig.
[0512/175802.615:WARNING:dns_config_service_win.cc(668)] Failed to read DnsConfig.
[0512/175807.628:WARNING:dns_config_service_win.cc(668)] Failed to read DnsConfig.
[0512/175812.640:WARNING:dns_config_service_win.cc(668)] Failed to read DnsConfig.
[0512/175817.650:WARNING:dns_config_service_win.cc(668)] Failed to read DnsConfig.
[0512/175822.682:WARNING:dns_config_service_win.cc(668)] Failed to read DnsConfig.
[0512/175827.708:WARNING:dns_config_service_win.cc(668)] Failed to read DnsConfig.
[0512/175832.731:WARNING:dns_config_service_win.cc(668)] Failed to read DnsConfig.
[0512/175837.743:WARNING:dns_config_service_win.cc(668)] Failed to read DnsConfig.
[0512/175842.764:WARNING:dns_config_service_win.cc(668)] Failed to read DnsConfig.
[0512/175847.785:WARNING:dns_config_service_win.cc(668)] Failed to read DnsConfig.
[0512/175852.810:WARNING:dns_config_service_win.cc(668)] Failed to read DnsConfig.
[0512/175857.835:WARNING:dns_config_service_win.cc(668)] Failed to read DnsConfig.
[0512/175902.862:WARNING:dns_config_service_win.cc(668)] Failed to read DnsConfig.
[0512/175907.871:WARNING:dns_config_service_win.cc(668)] Failed to read DnsConfig.
[0512/175912.883:WARNING:dns_config_service_win.cc(668)] Failed to read DnsConfig.
[0512/175917.898:WARNING:dns_config_service_win.cc(668)] Failed to read DnsConfig.
[0512/175922.920:WARNING:dns_config_service_win.cc(668)] Failed to read DnsConfig.
[0512/175927.941:WARNING:dns_config_service_win.cc(668)] Failed to read DnsConfig.
[0512/175932.953:WARNING:dns_config_service_win.cc(668)] Failed to read DnsConfig.
[0512/175937.970:WARNING:dns_config_service_win.cc(668)] Failed to read DnsConfig.
[0512/175942.982:WARNING:dns_config_service_win.cc(668)] Failed to read DnsConfig.
[0512/175948.006:WARNING:dns_config_service_win.cc(668)] Failed to read DnsConfig.
[0512/175953.031:WARNING:dns_config_service_win.cc(668)] Failed to read DnsConfig.
[0512/175958.042:WARNING:dns_config_service_win.cc(668)] Failed to read DnsConfig.
[0512/180003.056:WARNING:dns_config_service_win.cc(668)] Failed to read DnsConfig.
[0512/180008.061:WARNING:dns_config_service_win.cc(668)] Failed to read DnsConfig.
[0512/190442.041:INFO:CONSOLE(1)] "Long rAF frame-time", source: file:///C:/Program%20Files/Adobe/Adobe%20Photoshop%202020/Required/www-rich-tooltips/build/external.js (1)
[0512/190442.304:WARNING:angle_platform_impl.cc(52)] compileToBinary(230): 
C:\fakepath(69,8-58): warning X3571: pow(f, e) will not work for negative f, use abs(f) or conditionally handle negative values if you expect them
C:\fakepath(77,9-43): warning X3571: pow(f, e) will not work for negative f, use abs(f) or conditionally handle negative values if you expect them

